Using pre-set license
Built from '2020.2/staging' branch; Version is '2020.2.6f1 (8a2143876886) revision 9052483'; Using compiler version '192528614'; Build Type 'Release'
OS: 'Windows 10 Pro; OS build 19042.928; Version 2009; 64bit' Language: 'ru' Physical Memory: 15731 MB
BatchMode: 1, IsHumanControllingUs: 0, StartBugReporterOnCrash: 0, Is64bit: 1, IsPro: 0

 COMMAND LINE ARGUMENTS:
C:\Program Files\Unity\Hub\Editor\2020.2.6f1\Editor\Unity.exe
-adb2
-batchMode
-noUpm
-name
AssetImportWorker1
-projectPath
C:/Users/Mr/Documents/GitHub/D1
-logFile
Logs/AssetImportWorker1.log
-srvPort
62593
Successfully changed project path to: C:/Users/Mr/Documents/GitHub/D1
C:/Users/Mr/Documents/GitHub/D1
Using Asset Import Pipeline V2.
Refreshing native plugins compatible for Editor in 35.23 ms, found 0 plugins.
Preloading 0 native plugins for Editor in 0.00 ms.
Initialize engine version: 2020.2.6f1 (8a2143876886)
[Subsystems] Discovering subsystems at path C:/Program Files/Unity/Hub/Editor/2020.2.6f1/Editor/Data/Resources/UnitySubsystems
[Subsystems] Discovering subsystems at path C:/Users/Mr/Documents/GitHub/D1/Assets
GfxDevice: creating device client; threaded=0
Direct3D:
    Version:  Direct3D 11.0 [level 11.1]
    Renderer: NVIDIA GeForce GTX 1660 Ti (ID=0x2191)
    Vendor:   
    VRAM:     5991 MB
    Driver:   27.21.14.5763
Initialize mono
Mono path[0] = 'C:/Program Files/Unity/Hub/Editor/2020.2.6f1/Editor/Data/Managed'
Mono path[1] = 'C:/Program Files/Unity/Hub/Editor/2020.2.6f1/Editor/Data/MonoBleedingEdge/lib/mono/unityjit'
Mono config path = 'C:/Program Files/Unity/Hub/Editor/2020.2.6f1/Editor/Data/MonoBleedingEdge/etc'
Using monoOptions --debugger-agent=transport=dt_socket,embedding=1,server=y,suspend=n,address=127.0.0.1:56152
Begin MonoManager ReloadAssembly
Registering precompiled unity dll's ...
Register platform support module: C:/Program Files/Unity/Hub/Editor/2020.2.6f1/Editor/Data/PlaybackEngines/MacStandaloneSupport/UnityEditor.OSXStandalone.Extensions.dll
Register platform support module: C:/Program Files/Unity/Hub/Editor/2020.2.6f1/Editor/Data/PlaybackEngines/WindowsStandaloneSupport/UnityEditor.WindowsStandalone.Extensions.dll
Register platform support module: C:/Program Files/Unity/Hub/Editor/2020.2.6f1/Editor/Data/PlaybackEngines/LinuxStandaloneSupport/UnityEditor.LinuxStandalone.Extensions.dll
Registered in 0.002449 seconds.
Native extension for LinuxStandalone target not found
Native extension for WindowsStandalone target not found
Native extension for OSXStandalone target not found
Refreshing native plugins compatible for Editor in 49.83 ms, found 0 plugins.
Preloading 0 native plugins for Editor in 0.00 ms.
Invoked RoslynAnalysisRunner static constructor.
RoslynAnalysisRunner will not be running.
RoslynAnalysisRunner has terminated.
Mono: successfully reloaded assembly
- Completed reload, in  3.067 seconds
Platform modules already initialized, skipping
Registering precompiled user dll's ...
Registered in 0.001905 seconds.
Begin MonoManager ReloadAssembly
Native extension for LinuxStandalone target not found
Native extension for WindowsStandalone target not found
Native extension for OSXStandalone target not found
Refreshing native plugins compatible for Editor in 0.47 ms, found 0 plugins.
Preloading 0 native plugins for Editor in 0.00 ms.
Invoked RoslynAnalysisRunner static constructor.
RoslynAnalysisRunner will not be running.
RoslynAnalysisRunner has terminated.
Mono: successfully reloaded assembly
- Completed reload, in  0.947 seconds
Platform modules already initialized, skipping
========================================================================
Worker process is ready to serve import requests
Launched and connected shader compiler UnityShaderCompiler.exe after 0.06 seconds
Refreshing native plugins compatible for Editor in 0.37 ms, found 0 plugins.
Preloading 0 native plugins for Editor in 0.00 ms.
Unloading 1407 Unused Serialized files (Serialized files now loaded: 0)
System memory in use before: 64.8 MB.
System memory in use after: 64.9 MB.

Unloading 33 unused Assets to reduce memory usage. Loaded Objects now: 1836.
Total: 1.998300 ms (FindLiveObjects: 0.170100 ms CreateObjectMapping: 0.062500 ms MarkObjects: 1.697300 ms  DeleteObjects: 0.067300 ms)

========================================================================
Received Import Request.
  path: Assets/Materials/PLane.prefab
  artifactKey: Guid(fa1d9a05556618a4c9161ddbd4bc58c1) Importer(815301076,1909f56bfc062723c751e8b465ee728b)
Start importing Assets/Materials/PLane.prefab using Guid(fa1d9a05556618a4c9161ddbd4bc58c1) Importer(815301076,1909f56bfc062723c751e8b465ee728b)  -> (artifact id: '88ff0d35eaa23a0c6a7cfbd3e7b6048e') in 0.094438 seconds
  Import took 0.096782 seconds .

========================================================================
Received Import Request.
  Time since last request: 56.332196 seconds.
  path: Assets/Scripts/NoiseMapGeneration.cs
  artifactKey: Guid(d0426ceabb1440d4cbe1e27be5e39f23) Importer(815301076,1909f56bfc062723c751e8b465ee728b)
Start importing Assets/Scripts/NoiseMapGeneration.cs using Guid(d0426ceabb1440d4cbe1e27be5e39f23) Importer(815301076,1909f56bfc062723c751e8b465ee728b)  -> (artifact id: 'bb2a77ff99b47881b3717ce89afbb3aa') in 0.019052 seconds
  Import took 0.022721 seconds .

========================================================================
Received Prepare
Registering precompiled user dll's ...
Registered in 0.001611 seconds.
Begin MonoManager ReloadAssembly
Native extension for LinuxStandalone target not found
Native extension for WindowsStandalone target not found
Native extension for OSXStandalone target not found
Refreshing native plugins compatible for Editor in 0.65 ms, found 0 plugins.
Preloading 0 native plugins for Editor in 0.00 ms.
Invoked RoslynAnalysisRunner static constructor.
RoslynAnalysisRunner will not be running.
RoslynAnalysisRunner has terminated.
Mono: successfully reloaded assembly
- Completed reload, in  0.892 seconds
Platform modules already initialized, skipping
Refreshing native plugins compatible for Editor in 0.39 ms, found 0 plugins.
Preloading 0 native plugins for Editor in 0.00 ms.
Unloading 1401 Unused Serialized files (Serialized files now loaded: 0)
System memory in use before: 67.8 MB.
System memory in use after: 67.9 MB.

Unloading 24 unused Assets to reduce memory usage. Loaded Objects now: 1846.
Total: 2.102300 ms (FindLiveObjects: 0.226200 ms CreateObjectMapping: 0.061700 ms MarkObjects: 1.787600 ms  DeleteObjects: 0.024800 ms)

========================================================================
Received Prepare
Registering precompiled user dll's ...
Registered in 0.002616 seconds.
Begin MonoManager ReloadAssembly
Native extension for LinuxStandalone target not found
Native extension for WindowsStandalone target not found
Native extension for OSXStandalone target not found
Refreshing native plugins compatible for Editor in 0.40 ms, found 0 plugins.
Preloading 0 native plugins for Editor in 0.00 ms.
Invoked RoslynAnalysisRunner static constructor.
RoslynAnalysisRunner will not be running.
RoslynAnalysisRunner has terminated.
Mono: successfully reloaded assembly
- Completed reload, in  0.786 seconds
Platform modules already initialized, skipping
Refreshing native plugins compatible for Editor in 0.40 ms, found 0 plugins.
Preloading 0 native plugins for Editor in 0.00 ms.
Unloading 1401 Unused Serialized files (Serialized files now loaded: 0)
System memory in use before: 67.9 MB.
System memory in use after: 68.0 MB.

Unloading 24 unused Assets to reduce memory usage. Loaded Objects now: 1848.
Total: 1.779400 ms (FindLiveObjects: 0.282300 ms CreateObjectMapping: 0.041400 ms MarkObjects: 1.433700 ms  DeleteObjects: 0.020700 ms)

========================================================================
Received Import Request.
  Time since last request: 1139.173100 seconds.
  path: Assets/Scripts/ControllScene.cs
  artifactKey: Guid(3168e1c658e34da4e8672ea2b784c658) Importer(815301076,1909f56bfc062723c751e8b465ee728b)
Start importing Assets/Scripts/ControllScene.cs using Guid(3168e1c658e34da4e8672ea2b784c658) Importer(815301076,1909f56bfc062723c751e8b465ee728b)  -> (artifact id: '0b30e28ba6b2ae2da194ad81dea033fc') in 0.011698 seconds
  Import took 0.015308 seconds .

========================================================================
Received Prepare
Registering precompiled user dll's ...
Registered in 0.001673 seconds.
Begin MonoManager ReloadAssembly
Native extension for LinuxStandalone target not found
Native extension for WindowsStandalone target not found
Native extension for OSXStandalone target not found
Refreshing native plugins compatible for Editor in 0.43 ms, found 0 plugins.
Preloading 0 native plugins for Editor in 0.00 ms.
Invoked RoslynAnalysisRunner static constructor.
RoslynAnalysisRunner will not be running.
RoslynAnalysisRunner has terminated.
Mono: successfully reloaded assembly
- Completed reload, in  0.785 seconds
Platform modules already initialized, skipping
Refreshing native plugins compatible for Editor in 0.42 ms, found 0 plugins.
Preloading 0 native plugins for Editor in 0.00 ms.
Unloading 1402 Unused Serialized files (Serialized files now loaded: 0)
System memory in use before: 67.9 MB.
System memory in use after: 68.0 MB.

Unloading 24 unused Assets to reduce memory usage. Loaded Objects now: 1851.
Total: 2.450600 ms (FindLiveObjects: 0.209400 ms CreateObjectMapping: 0.060900 ms MarkObjects: 2.154300 ms  DeleteObjects: 0.024600 ms)

========================================================================
Received Prepare
Registering precompiled user dll's ...
Registered in 0.001597 seconds.
Begin MonoManager ReloadAssembly
Native extension for LinuxStandalone target not found
Native extension for WindowsStandalone target not found
Native extension for OSXStandalone target not found
Refreshing native plugins compatible for Editor in 0.41 ms, found 0 plugins.
Preloading 0 native plugins for Editor in 0.00 ms.
Invoked RoslynAnalysisRunner static constructor.
RoslynAnalysisRunner will not be running.
RoslynAnalysisRunner has terminated.
Mono: successfully reloaded assembly
- Completed reload, in  0.878 seconds
Platform modules already initialized, skipping
Refreshing native plugins compatible for Editor in 0.41 ms, found 0 plugins.
Preloading 0 native plugins for Editor in 0.00 ms.
Unloading 1402 Unused Serialized files (Serialized files now loaded: 0)
System memory in use before: 67.9 MB.
System memory in use after: 68.0 MB.

Unloading 24 unused Assets to reduce memory usage. Loaded Objects now: 1853.
Total: 2.089900 ms (FindLiveObjects: 0.162700 ms CreateObjectMapping: 0.030900 ms MarkObjects: 1.868500 ms  DeleteObjects: 0.026400 ms)

========================================================================
Received Import Request.
  Time since last request: 164.364428 seconds.
  path: Assets/Scripts/ControllScene.cs
  artifactKey: Guid(3168e1c658e34da4e8672ea2b784c658) Importer(815301076,1909f56bfc062723c751e8b465ee728b)
Start importing Assets/Scripts/ControllScene.cs using Guid(3168e1c658e34da4e8672ea2b784c658) Importer(815301076,1909f56bfc062723c751e8b465ee728b)  -> (artifact id: '6042da795d9214310c44551e9c234661') in 0.006576 seconds
  Import took 0.017084 seconds .

========================================================================
Received Prepare
Registering precompiled user dll's ...
Registered in 0.001616 seconds.
Begin MonoManager ReloadAssembly
Native extension for LinuxStandalone target not found
Native extension for WindowsStandalone target not found
Native extension for OSXStandalone target not found
Refreshing native plugins compatible for Editor in 0.41 ms, found 0 plugins.
Preloading 0 native plugins for Editor in 0.00 ms.
Invoked RoslynAnalysisRunner static constructor.
RoslynAnalysisRunner will not be running.
RoslynAnalysisRunner has terminated.
Mono: successfully reloaded assembly
- Completed reload, in  0.801 seconds
Platform modules already initialized, skipping
Refreshing native plugins compatible for Editor in 0.40 ms, found 0 plugins.
Preloading 0 native plugins for Editor in 0.00 ms.
Unloading 1402 Unused Serialized files (Serialized files now loaded: 0)
System memory in use before: 67.9 MB.
System memory in use after: 68.0 MB.

Unloading 24 unused Assets to reduce memory usage. Loaded Objects now: 1855.
Total: 2.581300 ms (FindLiveObjects: 0.276300 ms CreateObjectMapping: 0.078300 ms MarkObjects: 2.204300 ms  DeleteObjects: 0.021100 ms)

========================================================================
Received Prepare
Registering precompiled user dll's ...
Registered in 0.001680 seconds.
Begin MonoManager ReloadAssembly
Native extension for LinuxStandalone target not found
Native extension for WindowsStandalone target not found
Native extension for OSXStandalone target not found
Refreshing native plugins compatible for Editor in 0.41 ms, found 0 plugins.
Preloading 0 native plugins for Editor in 0.00 ms.
Invoked RoslynAnalysisRunner static constructor.
RoslynAnalysisRunner will not be running.
RoslynAnalysisRunner has terminated.
Mono: successfully reloaded assembly
- Completed reload, in  0.870 seconds
Platform modules already initialized, skipping
Refreshing native plugins compatible for Editor in 0.41 ms, found 0 plugins.
Preloading 0 native plugins for Editor in 0.00 ms.
Unloading 1402 Unused Serialized files (Serialized files now loaded: 0)
System memory in use before: 67.9 MB.
System memory in use after: 68.0 MB.

Unloading 24 unused Assets to reduce memory usage. Loaded Objects now: 1857.
Total: 1.892900 ms (FindLiveObjects: 0.242500 ms CreateObjectMapping: 0.038900 ms MarkObjects: 1.581700 ms  DeleteObjects: 0.028100 ms)

========================================================================
Received Prepare
Registering precompiled user dll's ...
Registered in 0.001762 seconds.
Begin MonoManager ReloadAssembly
Native extension for LinuxStandalone target not found
Native extension for WindowsStandalone target not found
Native extension for OSXStandalone target not found
Refreshing native plugins compatible for Editor in 0.41 ms, found 0 plugins.
Preloading 0 native plugins for Editor in 0.00 ms.
Invoked RoslynAnalysisRunner static constructor.
RoslynAnalysisRunner will not be running.
RoslynAnalysisRunner has terminated.
Mono: successfully reloaded assembly
- Completed reload, in  0.860 seconds
Platform modules already initialized, skipping
Refreshing native plugins compatible for Editor in 0.41 ms, found 0 plugins.
Preloading 0 native plugins for Editor in 0.00 ms.
Unloading 1402 Unused Serialized files (Serialized files now loaded: 0)
System memory in use before: 67.9 MB.
System memory in use after: 68.1 MB.

Unloading 24 unused Assets to reduce memory usage. Loaded Objects now: 1859.
Total: 2.173900 ms (FindLiveObjects: 0.216400 ms CreateObjectMapping: 0.062100 ms MarkObjects: 1.871600 ms  DeleteObjects: 0.022100 ms)

========================================================================
Received Prepare
Registering precompiled user dll's ...
Registered in 0.001685 seconds.
Begin MonoManager ReloadAssembly
Native extension for LinuxStandalone target not found
Native extension for WindowsStandalone target not found
Native extension for OSXStandalone target not found
Refreshing native plugins compatible for Editor in 0.42 ms, found 0 plugins.
Preloading 0 native plugins for Editor in 0.00 ms.
Invoked RoslynAnalysisRunner static constructor.
RoslynAnalysisRunner will not be running.
RoslynAnalysisRunner has terminated.
Mono: successfully reloaded assembly
- Completed reload, in  0.825 seconds
Platform modules already initialized, skipping
Refreshing native plugins compatible for Editor in 0.52 ms, found 0 plugins.
Preloading 0 native plugins for Editor in 0.00 ms.
Unloading 1402 Unused Serialized files (Serialized files now loaded: 0)
System memory in use before: 68.0 MB.
System memory in use after: 68.1 MB.

Unloading 24 unused Assets to reduce memory usage. Loaded Objects now: 1861.
Total: 2.665600 ms (FindLiveObjects: 0.341600 ms CreateObjectMapping: 0.105500 ms MarkObjects: 2.194400 ms  DeleteObjects: 0.022700 ms)

========================================================================
Received Prepare
Registering precompiled user dll's ...
Registered in 0.002115 seconds.
Begin MonoManager ReloadAssembly
Native extension for LinuxStandalone target not found
Native extension for WindowsStandalone target not found
Native extension for OSXStandalone target not found
Refreshing native plugins compatible for Editor in 0.51 ms, found 0 plugins.
Preloading 0 native plugins for Editor in 0.00 ms.
Invoked RoslynAnalysisRunner static constructor.
RoslynAnalysisRunner will not be running.
RoslynAnalysisRunner has terminated.
Mono: successfully reloaded assembly
- Completed reload, in  0.832 seconds
Platform modules already initialized, skipping
Refreshing native plugins compatible for Editor in 0.46 ms, found 0 plugins.
Preloading 0 native plugins for Editor in 0.00 ms.
Unloading 1402 Unused Serialized files (Serialized files now loaded: 0)
System memory in use before: 68.0 MB.
System memory in use after: 68.1 MB.

Unloading 24 unused Assets to reduce memory usage. Loaded Objects now: 1863.
Total: 2.140200 ms (FindLiveObjects: 0.325700 ms CreateObjectMapping: 0.078300 ms MarkObjects: 1.710000 ms  DeleteObjects: 0.024400 ms)

========================================================================
Received Prepare
Registering precompiled user dll's ...
Registered in 0.001618 seconds.
Begin MonoManager ReloadAssembly
Native extension for LinuxStandalone target not found
Native extension for WindowsStandalone target not found
Native extension for OSXStandalone target not found
Refreshing native plugins compatible for Editor in 0.66 ms, found 0 plugins.
Preloading 0 native plugins for Editor in 0.00 ms.
Invoked RoslynAnalysisRunner static constructor.
RoslynAnalysisRunner will not be running.
RoslynAnalysisRunner has terminated.
Mono: successfully reloaded assembly
- Completed reload, in  0.826 seconds
Platform modules already initialized, skipping
Refreshing native plugins compatible for Editor in 0.41 ms, found 0 plugins.
Preloading 0 native plugins for Editor in 0.00 ms.
Unloading 1402 Unused Serialized files (Serialized files now loaded: 0)
System memory in use before: 68.0 MB.
System memory in use after: 68.1 MB.

Unloading 24 unused Assets to reduce memory usage. Loaded Objects now: 1865.
Total: 1.986800 ms (FindLiveObjects: 0.224200 ms CreateObjectMapping: 0.061900 ms MarkObjects: 1.671100 ms  DeleteObjects: 0.028000 ms)

========================================================================
Received Prepare
Registering precompiled user dll's ...
Registered in 0.001602 seconds.
Begin MonoManager ReloadAssembly
Native extension for LinuxStandalone target not found
Native extension for WindowsStandalone target not found
Native extension for OSXStandalone target not found
Refreshing native plugins compatible for Editor in 0.44 ms, found 0 plugins.
Preloading 0 native plugins for Editor in 0.00 ms.
Invoked RoslynAnalysisRunner static constructor.
RoslynAnalysisRunner will not be running.
RoslynAnalysisRunner has terminated.
Mono: successfully reloaded assembly
- Completed reload, in  0.823 seconds
Platform modules already initialized, skipping
Refreshing native plugins compatible for Editor in 0.45 ms, found 0 plugins.
Preloading 0 native plugins for Editor in 0.00 ms.
Unloading 1402 Unused Serialized files (Serialized files now loaded: 0)
System memory in use before: 68.0 MB.
System memory in use after: 68.1 MB.

Unloading 24 unused Assets to reduce memory usage. Loaded Objects now: 1867.
Total: 2.347800 ms (FindLiveObjects: 0.249500 ms CreateObjectMapping: 0.064800 ms MarkObjects: 2.010100 ms  DeleteObjects: 0.021300 ms)

========================================================================
Received Prepare
Registering precompiled user dll's ...
Registered in 0.002085 seconds.
Begin MonoManager ReloadAssembly
Native extension for LinuxStandalone target not found
Native extension for WindowsStandalone target not found
Native extension for OSXStandalone target not found
Refreshing native plugins compatible for Editor in 0.49 ms, found 0 plugins.
Preloading 0 native plugins for Editor in 0.00 ms.
Invoked RoslynAnalysisRunner static constructor.
RoslynAnalysisRunner will not be running.
RoslynAnalysisRunner has terminated.
Mono: successfully reloaded assembly
- Completed reload, in  0.810 seconds
Platform modules already initialized, skipping
Refreshing native plugins compatible for Editor in 0.42 ms, found 0 plugins.
Preloading 0 native plugins for Editor in 0.00 ms.
Unloading 1402 Unused Serialized files (Serialized files now loaded: 0)
System memory in use before: 68.0 MB.
System memory in use after: 68.1 MB.

Unloading 24 unused Assets to reduce memory usage. Loaded Objects now: 1869.
Total: 2.638000 ms (FindLiveObjects: 0.224300 ms CreateObjectMapping: 0.034100 ms MarkObjects: 2.357300 ms  DeleteObjects: 0.020900 ms)

========================================================================
Received Prepare
Registering precompiled user dll's ...
Registered in 0.001559 seconds.
Begin MonoManager ReloadAssembly
Native extension for LinuxStandalone target not found
Native extension for WindowsStandalone target not found
Native extension for OSXStandalone target not found
Refreshing native plugins compatible for Editor in 0.43 ms, found 0 plugins.
Preloading 0 native plugins for Editor in 0.00 ms.
Invoked RoslynAnalysisRunner static constructor.
RoslynAnalysisRunner will not be running.
RoslynAnalysisRunner has terminated.
Mono: successfully reloaded assembly
- Completed reload, in  0.785 seconds
Platform modules already initialized, skipping
Refreshing native plugins compatible for Editor in 0.41 ms, found 0 plugins.
Preloading 0 native plugins for Editor in 0.00 ms.
Unloading 1402 Unused Serialized files (Serialized files now loaded: 0)
System memory in use before: 68.0 MB.
System memory in use after: 68.1 MB.

Unloading 24 unused Assets to reduce memory usage. Loaded Objects now: 1871.
Total: 2.527000 ms (FindLiveObjects: 0.292200 ms CreateObjectMapping: 0.080600 ms MarkObjects: 2.128800 ms  DeleteObjects: 0.023100 ms)

========================================================================
Received Prepare
Registering precompiled user dll's ...
Registered in 0.001561 seconds.
Begin MonoManager ReloadAssembly
Native extension for LinuxStandalone target not found
Native extension for WindowsStandalone target not found
Native extension for OSXStandalone target not found
Refreshing native plugins compatible for Editor in 0.42 ms, found 0 plugins.
Preloading 0 native plugins for Editor in 0.00 ms.
Invoked RoslynAnalysisRunner static constructor.
RoslynAnalysisRunner will not be running.
RoslynAnalysisRunner has terminated.
Mono: successfully reloaded assembly
- Completed reload, in  0.795 seconds
Platform modules already initialized, skipping
Refreshing native plugins compatible for Editor in 0.40 ms, found 0 plugins.
Preloading 0 native plugins for Editor in 0.00 ms.
Unloading 1402 Unused Serialized files (Serialized files now loaded: 0)
System memory in use before: 68.0 MB.
System memory in use after: 68.1 MB.

Unloading 24 unused Assets to reduce memory usage. Loaded Objects now: 1873.
Total: 1.907500 ms (FindLiveObjects: 0.283600 ms CreateObjectMapping: 0.089400 ms MarkObjects: 1.509600 ms  DeleteObjects: 0.023100 ms)

========================================================================
Received Prepare
Registering precompiled user dll's ...
Registered in 0.001571 seconds.
Begin MonoManager ReloadAssembly
Native extension for LinuxStandalone target not found
Native extension for WindowsStandalone target not found
Native extension for OSXStandalone target not found
Refreshing native plugins compatible for Editor in 0.41 ms, found 0 plugins.
Preloading 0 native plugins for Editor in 0.00 ms.
Invoked RoslynAnalysisRunner static constructor.
RoslynAnalysisRunner will not be running.
RoslynAnalysisRunner has terminated.
Mono: successfully reloaded assembly
- Completed reload, in  0.774 seconds
Platform modules already initialized, skipping
Refreshing native plugins compatible for Editor in 0.62 ms, found 0 plugins.
Preloading 0 native plugins for Editor in 0.00 ms.
Unloading 1402 Unused Serialized files (Serialized files now loaded: 0)
System memory in use before: 68.0 MB.
System memory in use after: 68.1 MB.

Unloading 24 unused Assets to reduce memory usage. Loaded Objects now: 1875.
Total: 1.821700 ms (FindLiveObjects: 0.168100 ms CreateObjectMapping: 0.030900 ms MarkObjects: 1.599900 ms  DeleteObjects: 0.021500 ms)

========================================================================
Received Prepare
Registering precompiled user dll's ...
Registered in 0.001545 seconds.
Begin MonoManager ReloadAssembly
Native extension for LinuxStandalone target not found
Native extension for WindowsStandalone target not found
Native extension for OSXStandalone target not found
Refreshing native plugins compatible for Editor in 0.50 ms, found 0 plugins.
Preloading 0 native plugins for Editor in 0.00 ms.
Invoked RoslynAnalysisRunner static constructor.
RoslynAnalysisRunner will not be running.
RoslynAnalysisRunner has terminated.
Mono: successfully reloaded assembly
- Completed reload, in  0.823 seconds
Platform modules already initialized, skipping
Refreshing native plugins compatible for Editor in 0.41 ms, found 0 plugins.
Preloading 0 native plugins for Editor in 0.00 ms.
Unloading 1402 Unused Serialized files (Serialized files now loaded: 0)
System memory in use before: 68.0 MB.
System memory in use after: 68.1 MB.

Unloading 24 unused Assets to reduce memory usage. Loaded Objects now: 1877.
Total: 2.175400 ms (FindLiveObjects: 0.293200 ms CreateObjectMapping: 0.065700 ms MarkObjects: 1.791500 ms  DeleteObjects: 0.023200 ms)

========================================================================
Received Prepare
Registering precompiled user dll's ...
Registered in 0.001608 seconds.
Begin MonoManager ReloadAssembly
Native extension for LinuxStandalone target not found
Native extension for WindowsStandalone target not found
Native extension for OSXStandalone target not found
Refreshing native plugins compatible for Editor in 0.41 ms, found 0 plugins.
Preloading 0 native plugins for Editor in 0.00 ms.
Invoked RoslynAnalysisRunner static constructor.
RoslynAnalysisRunner will not be running.
RoslynAnalysisRunner has terminated.
Mono: successfully reloaded assembly
- Completed reload, in  0.802 seconds
Platform modules already initialized, skipping
Refreshing native plugins compatible for Editor in 0.40 ms, found 0 plugins.
Preloading 0 native plugins for Editor in 0.00 ms.
Unloading 1402 Unused Serialized files (Serialized files now loaded: 0)
System memory in use before: 68.0 MB.
System memory in use after: 68.1 MB.

Unloading 24 unused Assets to reduce memory usage. Loaded Objects now: 1879.
Total: 2.372900 ms (FindLiveObjects: 0.214300 ms CreateObjectMapping: 0.062900 ms MarkObjects: 2.071700 ms  DeleteObjects: 0.022500 ms)

========================================================================
Received Prepare
Registering precompiled user dll's ...
Registered in 0.001531 seconds.
Begin MonoManager ReloadAssembly
Native extension for LinuxStandalone target not found
Native extension for WindowsStandalone target not found
Native extension for OSXStandalone target not found
Refreshing native plugins compatible for Editor in 0.42 ms, found 0 plugins.
Preloading 0 native plugins for Editor in 0.00 ms.
Invoked RoslynAnalysisRunner static constructor.
RoslynAnalysisRunner will not be running.
RoslynAnalysisRunner has terminated.
Mono: successfully reloaded assembly
- Completed reload, in  0.809 seconds
Platform modules already initialized, skipping
Refreshing native plugins compatible for Editor in 0.40 ms, found 0 plugins.
Preloading 0 native plugins for Editor in 0.00 ms.
Unloading 1402 Unused Serialized files (Serialized files now loaded: 0)
System memory in use before: 68.0 MB.
System memory in use after: 68.1 MB.

Unloading 24 unused Assets to reduce memory usage. Loaded Objects now: 1881.
Total: 2.639700 ms (FindLiveObjects: 0.266700 ms CreateObjectMapping: 0.040000 ms MarkObjects: 2.283300 ms  DeleteObjects: 0.048200 ms)

========================================================================
Received Prepare
Registering precompiled user dll's ...
Registered in 0.002510 seconds.
Begin MonoManager ReloadAssembly
Native extension for LinuxStandalone target not found
Native extension for WindowsStandalone target not found
Native extension for OSXStandalone target not found
Refreshing native plugins compatible for Editor in 0.56 ms, found 0 plugins.
Preloading 0 native plugins for Editor in 0.00 ms.
Invoked RoslynAnalysisRunner static constructor.
RoslynAnalysisRunner will not be running.
RoslynAnalysisRunner has terminated.
Mono: successfully reloaded assembly
- Completed reload, in  0.808 seconds
Platform modules already initialized, skipping
Refreshing native plugins compatible for Editor in 0.45 ms, found 0 plugins.
Preloading 0 native plugins for Editor in 0.00 ms.
Unloading 1402 Unused Serialized files (Serialized files now loaded: 0)
System memory in use before: 68.0 MB.
System memory in use after: 68.1 MB.

Unloading 24 unused Assets to reduce memory usage. Loaded Objects now: 1883.
Total: 2.145700 ms (FindLiveObjects: 0.181800 ms CreateObjectMapping: 0.034000 ms MarkObjects: 1.906600 ms  DeleteObjects: 0.022000 ms)

========================================================================
Received Prepare
Registering precompiled user dll's ...
Registered in 0.001534 seconds.
Begin MonoManager ReloadAssembly
Native extension for LinuxStandalone target not found
Native extension for WindowsStandalone target not found
Native extension for OSXStandalone target not found
Refreshing native plugins compatible for Editor in 0.43 ms, found 0 plugins.
Preloading 0 native plugins for Editor in 0.00 ms.
Invoked RoslynAnalysisRunner static constructor.
RoslynAnalysisRunner will not be running.
RoslynAnalysisRunner has terminated.
Mono: successfully reloaded assembly
- Completed reload, in  0.830 seconds
Platform modules already initialized, skipping
Refreshing native plugins compatible for Editor in 0.41 ms, found 0 plugins.
Preloading 0 native plugins for Editor in 0.00 ms.
Unloading 1402 Unused Serialized files (Serialized files now loaded: 0)
System memory in use before: 68.0 MB.
System memory in use after: 68.1 MB.

Unloading 24 unused Assets to reduce memory usage. Loaded Objects now: 1885.
Total: 2.420300 ms (FindLiveObjects: 0.272000 ms CreateObjectMapping: 0.073300 ms MarkObjects: 2.044200 ms  DeleteObjects: 0.028000 ms)

========================================================================
Received Import Request.
  Time since last request: 7335.420001 seconds.
  path: Assets/Scripts/NewBehaviourScript.cs
  artifactKey: Guid(b551fd0527c808743b5ae70173b5d7e4) Importer(815301076,1909f56bfc062723c751e8b465ee728b)
Start importing Assets/Scripts/NewBehaviourScript.cs using Guid(b551fd0527c808743b5ae70173b5d7e4) Importer(815301076,1909f56bfc062723c751e8b465ee728b)  -> (artifact id: 'f2825979e7be6a95c29c7476676bf358') in 0.014867 seconds
  Import took 0.018462 seconds .

========================================================================
Received Prepare
Registering precompiled user dll's ...
Registered in 0.001668 seconds.
Begin MonoManager ReloadAssembly
Native extension for LinuxStandalone target not found
Native extension for WindowsStandalone target not found
Native extension for OSXStandalone target not found
Refreshing native plugins compatible for Editor in 0.85 ms, found 0 plugins.
Preloading 0 native plugins for Editor in 0.00 ms.
Invoked RoslynAnalysisRunner static constructor.
RoslynAnalysisRunner will not be running.
RoslynAnalysisRunner has terminated.
Mono: successfully reloaded assembly
- Completed reload, in  0.775 seconds
Platform modules already initialized, skipping
Refreshing native plugins compatible for Editor in 0.67 ms, found 0 plugins.
Preloading 0 native plugins for Editor in 0.00 ms.
Unloading 1403 Unused Serialized files (Serialized files now loaded: 0)
System memory in use before: 68.1 MB.
System memory in use after: 68.2 MB.

Unloading 24 unused Assets to reduce memory usage. Loaded Objects now: 1888.
Total: 3.245800 ms (FindLiveObjects: 0.368500 ms CreateObjectMapping: 0.107900 ms MarkObjects: 2.733800 ms  DeleteObjects: 0.033600 ms)

========================================================================
Received Import Request.
  Time since last request: 37.721975 seconds.
  path: Assets/Scripts/AllNoiseMapGeneration.cs
  artifactKey: Guid(b551fd0527c808743b5ae70173b5d7e4) Importer(815301076,1909f56bfc062723c751e8b465ee728b)
Start importing Assets/Scripts/AllNoiseMapGeneration.cs using Guid(b551fd0527c808743b5ae70173b5d7e4) Importer(815301076,1909f56bfc062723c751e8b465ee728b)  -> (artifact id: 'fed60d84a7a019ec83ceee849dee2668') in 0.012039 seconds
  Import took 0.014761 seconds .

========================================================================
Received Prepare
Registering precompiled user dll's ...
Registered in 0.002067 seconds.
Begin MonoManager ReloadAssembly
Native extension for LinuxStandalone target not found
Native extension for WindowsStandalone target not found
Native extension for OSXStandalone target not found
Refreshing native plugins compatible for Editor in 0.58 ms, found 0 plugins.
Preloading 0 native plugins for Editor in 0.00 ms.
Invoked RoslynAnalysisRunner static constructor.
RoslynAnalysisRunner will not be running.
RoslynAnalysisRunner has terminated.
Mono: successfully reloaded assembly
- Completed reload, in  0.802 seconds
Platform modules already initialized, skipping
Refreshing native plugins compatible for Editor in 0.40 ms, found 0 plugins.
Preloading 0 native plugins for Editor in 0.00 ms.
Unloading 1403 Unused Serialized files (Serialized files now loaded: 0)
System memory in use before: 68.1 MB.
System memory in use after: 68.2 MB.

Unloading 24 unused Assets to reduce memory usage. Loaded Objects now: 1890.
Total: 3.287600 ms (FindLiveObjects: 0.425200 ms CreateObjectMapping: 0.118500 ms MarkObjects: 2.716700 ms  DeleteObjects: 0.025100 ms)

========================================================================
Received Import Request.
  Time since last request: 30.393890 seconds.
  path: Assets/Scripts/AllTileGeneration.cs
  artifactKey: Guid(009d25dcb06e77a4faedaf747f42bbae) Importer(815301076,1909f56bfc062723c751e8b465ee728b)
Start importing Assets/Scripts/AllTileGeneration.cs using Guid(009d25dcb06e77a4faedaf747f42bbae) Importer(815301076,1909f56bfc062723c751e8b465ee728b)  -> (artifact id: 'd44fd5372a26011320f2e4a183e63268') in 0.010679 seconds
  Import took 0.019542 seconds .

========================================================================
Received Import Request.
  Time since last request: 911.104801 seconds.
  path: Assets/Scripts/AllTileGeneration.cs
  artifactKey: Guid(009d25dcb06e77a4faedaf747f42bbae) Importer(815301076,1909f56bfc062723c751e8b465ee728b)
Start importing Assets/Scripts/AllTileGeneration.cs using Guid(009d25dcb06e77a4faedaf747f42bbae) Importer(815301076,1909f56bfc062723c751e8b465ee728b)  -> (artifact id: '16cad018871c8da94d02921bb20ea17d') in 0.002312 seconds
  Import took 0.004692 seconds .

========================================================================
Received Import Request.
  Time since last request: 0.023573 seconds.
  path: Assets/Scripts/AllTileGeneration.cs
  artifactKey: Guid(009d25dcb06e77a4faedaf747f42bbae) Importer(815301076,1909f56bfc062723c751e8b465ee728b)
Start importing Assets/Scripts/AllTileGeneration.cs using Guid(009d25dcb06e77a4faedaf747f42bbae) Importer(815301076,1909f56bfc062723c751e8b465ee728b)  -> (artifact id: '16cad018871c8da94d02921bb20ea17d') in 0.002743 seconds
  Import took 0.005158 seconds .

========================================================================
Received Import Request.
  Time since last request: 521.306836 seconds.
  path: Assets/Scripts/AllNoiseMapGeneration.cs
  artifactKey: Guid(b551fd0527c808743b5ae70173b5d7e4) Importer(815301076,1909f56bfc062723c751e8b465ee728b)
Start importing Assets/Scripts/AllNoiseMapGeneration.cs using Guid(b551fd0527c808743b5ae70173b5d7e4) Importer(815301076,1909f56bfc062723c751e8b465ee728b)  -> (artifact id: '29ea42c3befb996233ff473268a2850b') in 0.002844 seconds
  Import took 0.005673 seconds .

========================================================================
Received Import Request.
  Time since last request: 59.128026 seconds.
  path: Assets/Scripts/NewBehaviourScript.cs
  artifactKey: Guid(8d978ec81f11a88439ccd86e6843c71e) Importer(815301076,1909f56bfc062723c751e8b465ee728b)
Start importing Assets/Scripts/NewBehaviourScript.cs using Guid(8d978ec81f11a88439ccd86e6843c71e) Importer(815301076,1909f56bfc062723c751e8b465ee728b)  -> (artifact id: 'b44ce0b455c9dafa2395dfa16a57f57b') in 0.002738 seconds
  Import took 0.013944 seconds .

========================================================================
Received Import Request.
  Time since last request: 0.000589 seconds.
  path: Assets/Scripts/NewBehaviourScript.cs
  artifactKey: Guid(8d978ec81f11a88439ccd86e6843c71e) Importer(815301076,1909f56bfc062723c751e8b465ee728b)
Start importing Assets/Scripts/NewBehaviourScript.cs using Guid(8d978ec81f11a88439ccd86e6843c71e) Importer(815301076,1909f56bfc062723c751e8b465ee728b)  -> (artifact id: 'b44ce0b455c9dafa2395dfa16a57f57b') in 0.002883 seconds
  Import took 0.005167 seconds .

========================================================================
Received Import Request.
  Time since last request: 270.703030 seconds.
  path: Assets/Scripts/TileGeneration.cs
  artifactKey: Guid(9ad6f7e1817c7bb499d3922193734330) Importer(815301076,1909f56bfc062723c751e8b465ee728b)
Start importing Assets/Scripts/TileGeneration.cs using Guid(9ad6f7e1817c7bb499d3922193734330) Importer(815301076,1909f56bfc062723c751e8b465ee728b)  -> (artifact id: '85ac51f3c44a06a39b300d7ebc1c4259') in 0.006794 seconds
  Import took 0.009579 seconds .

========================================================================
Received Import Request.
  Time since last request: 2.714737 seconds.
  path: Assets/Scripts/AllNoiseMapGeneration.cs
  artifactKey: Guid(b551fd0527c808743b5ae70173b5d7e4) Importer(815301076,1909f56bfc062723c751e8b465ee728b)
Start importing Assets/Scripts/AllNoiseMapGeneration.cs using Guid(b551fd0527c808743b5ae70173b5d7e4) Importer(815301076,1909f56bfc062723c751e8b465ee728b)  -> (artifact id: '537ba78bba38004a353d14e2003943ad') in 0.015489 seconds
  Import took 0.018042 seconds .

========================================================================
Received Import Request.
  Time since last request: 1.818169 seconds.
  path: Assets/Scripts/ControllScene.cs
  artifactKey: Guid(3168e1c658e34da4e8672ea2b784c658) Importer(815301076,1909f56bfc062723c751e8b465ee728b)
Start importing Assets/Scripts/ControllScene.cs using Guid(3168e1c658e34da4e8672ea2b784c658) Importer(815301076,1909f56bfc062723c751e8b465ee728b)  -> (artifact id: '7f0e0b57b44595d7d404c3ef409d1c8b') in 0.002370 seconds
  Import took 0.004599 seconds .

========================================================================
Received Import Request.
  Time since last request: 0.000474 seconds.
  path: Assets/Scripts/ControllScene.cs
  artifactKey: Guid(3168e1c658e34da4e8672ea2b784c658) Importer(815301076,1909f56bfc062723c751e8b465ee728b)
Start importing Assets/Scripts/ControllScene.cs using Guid(3168e1c658e34da4e8672ea2b784c658) Importer(815301076,1909f56bfc062723c751e8b465ee728b)  -> (artifact id: '7f0e0b57b44595d7d404c3ef409d1c8b') in 0.002560 seconds
  Import took 0.004889 seconds .

========================================================================
Received Import Request.
  Time since last request: 6.051977 seconds.
  path: Assets/Scripts/RebootItem.cs
  artifactKey: Guid(546dead097acf404487870eacdf6a6a1) Importer(815301076,1909f56bfc062723c751e8b465ee728b)
Start importing Assets/Scripts/RebootItem.cs using Guid(546dead097acf404487870eacdf6a6a1) Importer(815301076,1909f56bfc062723c751e8b465ee728b)  -> (artifact id: '3a12100177cbf8778b8c31fd679a4dd0') in 0.010552 seconds
  Import took 0.014082 seconds .

========================================================================
Received Import Request.
  Time since last request: 9.152166 seconds.
  path: Assets/Scripts/AllTileGeneration.cs
  artifactKey: Guid(009d25dcb06e77a4faedaf747f42bbae) Importer(815301076,1909f56bfc062723c751e8b465ee728b)
Start importing Assets/Scripts/AllTileGeneration.cs using Guid(009d25dcb06e77a4faedaf747f42bbae) Importer(815301076,1909f56bfc062723c751e8b465ee728b)  -> (artifact id: 'ecc3797fa656e7d7a43e07d152959d04') in 0.011213 seconds
  Import took 0.013899 seconds .

========================================================================
Received Import Request.
  Time since last request: 0.001275 seconds.
  path: Assets/Scripts/AllTileGeneration.cs
  artifactKey: Guid(009d25dcb06e77a4faedaf747f42bbae) Importer(815301076,1909f56bfc062723c751e8b465ee728b)
Start importing Assets/Scripts/AllTileGeneration.cs using Guid(009d25dcb06e77a4faedaf747f42bbae) Importer(815301076,1909f56bfc062723c751e8b465ee728b)  -> (artifact id: 'ecc3797fa656e7d7a43e07d152959d04') in 0.002681 seconds
  Import took 0.004891 seconds .

========================================================================
Received Prepare
Registering precompiled user dll's ...
Registered in 0.001587 seconds.
Begin MonoManager ReloadAssembly
Native extension for LinuxStandalone target not found
Native extension for WindowsStandalone target not found
Native extension for OSXStandalone target not found
Refreshing native plugins compatible for Editor in 0.93 ms, found 0 plugins.
Preloading 0 native plugins for Editor in 0.00 ms.
Invoked RoslynAnalysisRunner static constructor.
RoslynAnalysisRunner will not be running.
RoslynAnalysisRunner has terminated.
Mono: successfully reloaded assembly
- Completed reload, in  0.819 seconds
Platform modules already initialized, skipping
Refreshing native plugins compatible for Editor in 0.46 ms, found 0 plugins.
Preloading 0 native plugins for Editor in 0.00 ms.
Unloading 1403 Unused Serialized files (Serialized files now loaded: 0)
System memory in use before: 68.1 MB.
System memory in use after: 68.2 MB.

Unloading 24 unused Assets to reduce memory usage. Loaded Objects now: 1893.
Total: 2.747400 ms (FindLiveObjects: 0.259400 ms CreateObjectMapping: 0.070500 ms MarkObjects: 2.384500 ms  DeleteObjects: 0.030300 ms)

========================================================================
Received Import Request.
  Time since last request: 157.838206 seconds.
  path: Assets/Scripts/AllTileGeneration.cs
  artifactKey: Guid(009d25dcb06e77a4faedaf747f42bbae) Importer(815301076,1909f56bfc062723c751e8b465ee728b)
Start importing Assets/Scripts/AllTileGeneration.cs using Guid(009d25dcb06e77a4faedaf747f42bbae) Importer(815301076,1909f56bfc062723c751e8b465ee728b)  -> (artifact id: '52a54683f90c72aa80d01f42b99fed17') in 0.004697 seconds
  Import took 0.007200 seconds .

========================================================================
Received Import Request.
  Time since last request: 0.025500 seconds.
  path: Assets/Scripts/AllTileGeneration.cs
  artifactKey: Guid(009d25dcb06e77a4faedaf747f42bbae) Importer(815301076,1909f56bfc062723c751e8b465ee728b)
Start importing Assets/Scripts/AllTileGeneration.cs using Guid(009d25dcb06e77a4faedaf747f42bbae) Importer(815301076,1909f56bfc062723c751e8b465ee728b)  -> (artifact id: '52a54683f90c72aa80d01f42b99fed17') in 0.002400 seconds
  Import took 0.005057 seconds .

========================================================================
Received Prepare
Registering precompiled user dll's ...
Registered in 0.001687 seconds.
Begin MonoManager ReloadAssembly
Native extension for LinuxStandalone target not found
Native extension for WindowsStandalone target not found
Native extension for OSXStandalone target not found
Refreshing native plugins compatible for Editor in 0.41 ms, found 0 plugins.
Preloading 0 native plugins for Editor in 0.00 ms.
Invoked RoslynAnalysisRunner static constructor.
RoslynAnalysisRunner will not be running.
RoslynAnalysisRunner has terminated.
Mono: successfully reloaded assembly
- Completed reload, in  0.747 seconds
Platform modules already initialized, skipping
Refreshing native plugins compatible for Editor in 0.40 ms, found 0 plugins.
Preloading 0 native plugins for Editor in 0.00 ms.
Unloading 1402 Unused Serialized files (Serialized files now loaded: 0)
System memory in use before: 68.1 MB.
System memory in use after: 68.2 MB.

Unloading 24 unused Assets to reduce memory usage. Loaded Objects now: 1895.
Total: 1.968300 ms (FindLiveObjects: 0.179600 ms CreateObjectMapping: 0.031400 ms MarkObjects: 1.731700 ms  DeleteObjects: 0.024000 ms)

========================================================================
Received Prepare
Registering precompiled user dll's ...
Registered in 0.001711 seconds.
Begin MonoManager ReloadAssembly
Native extension for LinuxStandalone target not found
Native extension for WindowsStandalone target not found
Native extension for OSXStandalone target not found
Refreshing native plugins compatible for Editor in 0.40 ms, found 0 plugins.
Preloading 0 native plugins for Editor in 0.00 ms.
Invoked RoslynAnalysisRunner static constructor.
RoslynAnalysisRunner will not be running.
RoslynAnalysisRunner has terminated.
Mono: successfully reloaded assembly
- Completed reload, in  0.789 seconds
Platform modules already initialized, skipping
Refreshing native plugins compatible for Editor in 0.40 ms, found 0 plugins.
Preloading 0 native plugins for Editor in 0.00 ms.
Unloading 1402 Unused Serialized files (Serialized files now loaded: 0)
System memory in use before: 68.1 MB.
System memory in use after: 68.2 MB.

Unloading 24 unused Assets to reduce memory usage. Loaded Objects now: 1897.
Total: 1.870600 ms (FindLiveObjects: 0.186900 ms CreateObjectMapping: 0.033600 ms MarkObjects: 1.623000 ms  DeleteObjects: 0.025200 ms)

========================================================================
Received Import Request.
  Time since last request: 129.757878 seconds.
  path: Assets/Scripts/All Gen
  artifactKey: Guid(8970ea1b1e4f3044bad320797beddee6) Importer(815301076,1909f56bfc062723c751e8b465ee728b)
Start importing Assets/Scripts/All Gen using Guid(8970ea1b1e4f3044bad320797beddee6) Importer(815301076,1909f56bfc062723c751e8b465ee728b)  -> (artifact id: '9da410b03cc84f0905fda4d62a1991cb') in 0.011386 seconds
  Import took 0.013945 seconds .

========================================================================
Received Import Request.
  Time since last request: 0.000344 seconds.
  path: Assets/Scripts/All Gen
  artifactKey: Guid(8970ea1b1e4f3044bad320797beddee6) Importer(815301076,1909f56bfc062723c751e8b465ee728b)
Start importing Assets/Scripts/All Gen using Guid(8970ea1b1e4f3044bad320797beddee6) Importer(815301076,1909f56bfc062723c751e8b465ee728b)  -> (artifact id: '9da410b03cc84f0905fda4d62a1991cb') in 0.003152 seconds
  Import took 0.005639 seconds .

========================================================================
Received Import Request.
  Time since last request: 8.266538 seconds.
  path: Assets/Scripts/All Gen/All1.cs
  artifactKey: Guid(f500a4c89d74c3a419fa8b49c0cf68a5) Importer(815301076,1909f56bfc062723c751e8b465ee728b)
Start importing Assets/Scripts/All Gen/All1.cs using Guid(f500a4c89d74c3a419fa8b49c0cf68a5) Importer(815301076,1909f56bfc062723c751e8b465ee728b)  -> (artifact id: '517c2ac6fe7277f4f22587eb0c5fb4f5') in 0.006607 seconds
  Import took 0.017502 seconds .

========================================================================
Received Prepare
Registering precompiled user dll's ...
Registered in 0.001576 seconds.
Begin MonoManager ReloadAssembly
Native extension for LinuxStandalone target not found
Native extension for WindowsStandalone target not found
Native extension for OSXStandalone target not found
Refreshing native plugins compatible for Editor in 0.41 ms, found 0 plugins.
Preloading 0 native plugins for Editor in 0.00 ms.
Invoked RoslynAnalysisRunner static constructor.
RoslynAnalysisRunner will not be running.
RoslynAnalysisRunner has terminated.
Mono: successfully reloaded assembly
- Completed reload, in  0.756 seconds
Platform modules already initialized, skipping
Refreshing native plugins compatible for Editor in 0.41 ms, found 0 plugins.
Preloading 0 native plugins for Editor in 0.00 ms.
Unloading 1403 Unused Serialized files (Serialized files now loaded: 0)
System memory in use before: 68.1 MB.
System memory in use after: 68.2 MB.

Unloading 24 unused Assets to reduce memory usage. Loaded Objects now: 1900.
Total: 1.843600 ms (FindLiveObjects: 0.257900 ms CreateObjectMapping: 0.033600 ms MarkObjects: 1.527100 ms  DeleteObjects: 0.023300 ms)

========================================================================
Received Import Request.
  Time since last request: 24.317097 seconds.
  path: Assets/Scripts/All Gen/1.cs
  artifactKey: Guid(e90ce20f20ca454418285373a34b3088) Importer(815301076,1909f56bfc062723c751e8b465ee728b)
Start importing Assets/Scripts/All Gen/1.cs using Guid(e90ce20f20ca454418285373a34b3088) Importer(815301076,1909f56bfc062723c751e8b465ee728b)  -> (artifact id: '1b094c772b04cee700b060dc26fb5517') in 0.006619 seconds
  Import took 0.009181 seconds .

========================================================================
Received Import Request.
  Time since last request: 8.677946 seconds.
  path: Assets/Scripts/All Gen/Noise.cs
  artifactKey: Guid(e90ce20f20ca454418285373a34b3088) Importer(815301076,1909f56bfc062723c751e8b465ee728b)
Start importing Assets/Scripts/All Gen/Noise.cs using Guid(e90ce20f20ca454418285373a34b3088) Importer(815301076,1909f56bfc062723c751e8b465ee728b)  -> (artifact id: 'fc667879d2fa4069f7845b7a36ea3231') in 0.007776 seconds
  Import took 0.010958 seconds .

========================================================================
Received Prepare
Registering precompiled user dll's ...
Registered in 0.001578 seconds.
Begin MonoManager ReloadAssembly
Native extension for LinuxStandalone target not found
Native extension for WindowsStandalone target not found
Native extension for OSXStandalone target not found
Refreshing native plugins compatible for Editor in 0.44 ms, found 0 plugins.
Preloading 0 native plugins for Editor in 0.00 ms.
Invoked RoslynAnalysisRunner static constructor.
RoslynAnalysisRunner will not be running.
RoslynAnalysisRunner has terminated.
Mono: successfully reloaded assembly
- Completed reload, in  0.775 seconds
Platform modules already initialized, skipping
Refreshing native plugins compatible for Editor in 0.41 ms, found 0 plugins.
Preloading 0 native plugins for Editor in 0.00 ms.
Unloading 1402 Unused Serialized files (Serialized files now loaded: 0)
System memory in use before: 68.1 MB.
System memory in use after: 68.2 MB.

Unloading 24 unused Assets to reduce memory usage. Loaded Objects now: 1902.
Total: 2.083400 ms (FindLiveObjects: 0.326100 ms CreateObjectMapping: 0.042800 ms MarkObjects: 1.692300 ms  DeleteObjects: 0.020800 ms)

========================================================================
Received Import Request.
  Time since last request: 77.478821 seconds.
  path: Assets/Scripts/All Gen/WholeTileGeneration.cs
  artifactKey: Guid(20c9d6ab1f38ba542a3b27abeb405ce4) Importer(815301076,1909f56bfc062723c751e8b465ee728b)
Start importing Assets/Scripts/All Gen/WholeTileGeneration.cs using Guid(20c9d6ab1f38ba542a3b27abeb405ce4) Importer(815301076,1909f56bfc062723c751e8b465ee728b)  -> (artifact id: 'd9730662da56755edd6eb386b2ca53ea') in 0.010007 seconds
  Import took 0.012416 seconds .

========================================================================
Received Prepare
Registering precompiled user dll's ...
Registered in 0.002454 seconds.
Begin MonoManager ReloadAssembly
Native extension for LinuxStandalone target not found
Native extension for WindowsStandalone target not found
Native extension for OSXStandalone target not found
Refreshing native plugins compatible for Editor in 0.68 ms, found 0 plugins.
Preloading 0 native plugins for Editor in 0.00 ms.
Invoked RoslynAnalysisRunner static constructor.
RoslynAnalysisRunner will not be running.
RoslynAnalysisRunner has terminated.
Mono: successfully reloaded assembly
- Completed reload, in  0.769 seconds
Platform modules already initialized, skipping
Refreshing native plugins compatible for Editor in 0.40 ms, found 0 plugins.
Preloading 0 native plugins for Editor in 0.00 ms.
Unloading 1403 Unused Serialized files (Serialized files now loaded: 0)
System memory in use before: 68.1 MB.
System memory in use after: 68.2 MB.

Unloading 24 unused Assets to reduce memory usage. Loaded Objects now: 1905.
Total: 2.062600 ms (FindLiveObjects: 0.275800 ms CreateObjectMapping: 0.064900 ms MarkObjects: 1.692300 ms  DeleteObjects: 0.027700 ms)

========================================================================
Received Import Request.
  Time since last request: 68.234853 seconds.
  path: Assets/Scripts/All Gen/WholeTileGeneration.cs
  artifactKey: Guid(20c9d6ab1f38ba542a3b27abeb405ce4) Importer(815301076,1909f56bfc062723c751e8b465ee728b)
Start importing Assets/Scripts/All Gen/WholeTileGeneration.cs using Guid(20c9d6ab1f38ba542a3b27abeb405ce4) Importer(815301076,1909f56bfc062723c751e8b465ee728b)  -> (artifact id: 'dead0eeedeb9419751e6f537ca516f3d') in 0.007833 seconds
  Import took 0.011529 seconds .

========================================================================
Received Import Request.
  Time since last request: 0.042471 seconds.
  path: Assets/Scripts/All Gen/WholeTileGeneration.cs
  artifactKey: Guid(20c9d6ab1f38ba542a3b27abeb405ce4) Importer(815301076,1909f56bfc062723c751e8b465ee728b)
Start importing Assets/Scripts/All Gen/WholeTileGeneration.cs using Guid(20c9d6ab1f38ba542a3b27abeb405ce4) Importer(815301076,1909f56bfc062723c751e8b465ee728b)  -> (artifact id: 'dead0eeedeb9419751e6f537ca516f3d') in 0.003167 seconds
  Import took 0.006023 seconds .

========================================================================
Received Prepare
Registering precompiled user dll's ...
Registered in 0.001945 seconds.
Begin MonoManager ReloadAssembly
Native extension for LinuxStandalone target not found
Native extension for WindowsStandalone target not found
Native extension for OSXStandalone target not found
Refreshing native plugins compatible for Editor in 0.40 ms, found 0 plugins.
Preloading 0 native plugins for Editor in 0.00 ms.
Invoked RoslynAnalysisRunner static constructor.
RoslynAnalysisRunner will not be running.
RoslynAnalysisRunner has terminated.
Mono: successfully reloaded assembly
- Completed reload, in  0.773 seconds
Platform modules already initialized, skipping
Refreshing native plugins compatible for Editor in 0.40 ms, found 0 plugins.
Preloading 0 native plugins for Editor in 0.00 ms.
Unloading 1403 Unused Serialized files (Serialized files now loaded: 0)
System memory in use before: 68.1 MB.
System memory in use after: 68.2 MB.

Unloading 24 unused Assets to reduce memory usage. Loaded Objects now: 1907.
Total: 2.111500 ms (FindLiveObjects: 0.316400 ms CreateObjectMapping: 0.085700 ms MarkObjects: 1.684300 ms  DeleteObjects: 0.023300 ms)

========================================================================
Received Prepare
Registering precompiled user dll's ...
Registered in 0.001803 seconds.
Begin MonoManager ReloadAssembly
Native extension for LinuxStandalone target not found
Native extension for WindowsStandalone target not found
Native extension for OSXStandalone target not found
Refreshing native plugins compatible for Editor in 0.41 ms, found 0 plugins.
Preloading 0 native plugins for Editor in 0.00 ms.
Invoked RoslynAnalysisRunner static constructor.
RoslynAnalysisRunner will not be running.
RoslynAnalysisRunner has terminated.
Mono: successfully reloaded assembly
- Completed reload, in  0.791 seconds
Platform modules already initialized, skipping
Refreshing native plugins compatible for Editor in 0.41 ms, found 0 plugins.
Preloading 0 native plugins for Editor in 0.00 ms.
Unloading 1403 Unused Serialized files (Serialized files now loaded: 0)
System memory in use before: 68.1 MB.
System memory in use after: 68.2 MB.

Unloading 24 unused Assets to reduce memory usage. Loaded Objects now: 1909.
Total: 2.883600 ms (FindLiveObjects: 0.320700 ms CreateObjectMapping: 0.082300 ms MarkObjects: 2.451100 ms  DeleteObjects: 0.025800 ms)

========================================================================
Received Import Request.
  Time since last request: 500.115222 seconds.
  path: Assets/Scripts/All Gen/WholeTileGeneration.cs
  artifactKey: Guid(20c9d6ab1f38ba542a3b27abeb405ce4) Importer(815301076,1909f56bfc062723c751e8b465ee728b)
Start importing Assets/Scripts/All Gen/WholeTileGeneration.cs using Guid(20c9d6ab1f38ba542a3b27abeb405ce4) Importer(815301076,1909f56bfc062723c751e8b465ee728b)  -> (artifact id: '417f931047079f8ef0489263be3c7c9d') in 0.008319 seconds
  Import took 0.011084 seconds .

========================================================================
Received Import Request.
  Time since last request: 0.004035 seconds.
  path: Assets/Scripts/All Gen/WholeTileGeneration.cs
  artifactKey: Guid(20c9d6ab1f38ba542a3b27abeb405ce4) Importer(815301076,1909f56bfc062723c751e8b465ee728b)
Start importing Assets/Scripts/All Gen/WholeTileGeneration.cs using Guid(20c9d6ab1f38ba542a3b27abeb405ce4) Importer(815301076,1909f56bfc062723c751e8b465ee728b)  -> (artifact id: '417f931047079f8ef0489263be3c7c9d') in 0.002859 seconds
  Import took 0.005504 seconds .

========================================================================
Received Prepare
Registering precompiled user dll's ...
Registered in 0.001675 seconds.
Begin MonoManager ReloadAssembly
Native extension for LinuxStandalone target not found
Native extension for WindowsStandalone target not found
Native extension for OSXStandalone target not found
Refreshing native plugins compatible for Editor in 0.42 ms, found 0 plugins.
Preloading 0 native plugins for Editor in 0.00 ms.
Invoked RoslynAnalysisRunner static constructor.
RoslynAnalysisRunner will not be running.
RoslynAnalysisRunner has terminated.
Mono: successfully reloaded assembly
- Completed reload, in  0.831 seconds
Platform modules already initialized, skipping
Refreshing native plugins compatible for Editor in 0.42 ms, found 0 plugins.
Preloading 0 native plugins for Editor in 0.00 ms.
Unloading 1403 Unused Serialized files (Serialized files now loaded: 0)
System memory in use before: 68.1 MB.
System memory in use after: 68.2 MB.

Unloading 24 unused Assets to reduce memory usage. Loaded Objects now: 1911.
Total: 2.289800 ms (FindLiveObjects: 0.299000 ms CreateObjectMapping: 0.061700 ms MarkObjects: 1.903700 ms  DeleteObjects: 0.022700 ms)

========================================================================
Received Import Request.
  Time since last request: 97.787038 seconds.
  path: Assets/Scripts/AllSceneManager.cs
  artifactKey: Guid(cccde88a21c38254faa42b58e8f794ce) Importer(815301076,1909f56bfc062723c751e8b465ee728b)
Start importing Assets/Scripts/AllSceneManager.cs using Guid(cccde88a21c38254faa42b58e8f794ce) Importer(815301076,1909f56bfc062723c751e8b465ee728b)  -> (artifact id: '5b447ec703b66d989c8e01fb434e5b0f') in 0.015467 seconds
  Import took 0.020399 seconds .

========================================================================
Received Prepare
Registering precompiled user dll's ...
Registered in 0.001713 seconds.
Begin MonoManager ReloadAssembly
Native extension for LinuxStandalone target not found
Native extension for WindowsStandalone target not found
Native extension for OSXStandalone target not found
Refreshing native plugins compatible for Editor in 0.44 ms, found 0 plugins.
Preloading 0 native plugins for Editor in 0.00 ms.
Invoked RoslynAnalysisRunner static constructor.
RoslynAnalysisRunner will not be running.
RoslynAnalysisRunner has terminated.
Mono: successfully reloaded assembly
- Completed reload, in  0.876 seconds
Platform modules already initialized, skipping
Refreshing native plugins compatible for Editor in 0.41 ms, found 0 plugins.
Preloading 0 native plugins for Editor in 0.00 ms.
Unloading 1404 Unused Serialized files (Serialized files now loaded: 0)
System memory in use before: 68.2 MB.
System memory in use after: 68.3 MB.

Unloading 24 unused Assets to reduce memory usage. Loaded Objects now: 1914.
Total: 2.274700 ms (FindLiveObjects: 0.354100 ms CreateObjectMapping: 0.063900 ms MarkObjects: 1.831400 ms  DeleteObjects: 0.023600 ms)

========================================================================
Received Prepare
Registering precompiled user dll's ...
Registered in 0.001687 seconds.
Begin MonoManager ReloadAssembly
Native extension for LinuxStandalone target not found
Native extension for WindowsStandalone target not found
Native extension for OSXStandalone target not found
Refreshing native plugins compatible for Editor in 0.42 ms, found 0 plugins.
Preloading 0 native plugins for Editor in 0.00 ms.
Invoked RoslynAnalysisRunner static constructor.
RoslynAnalysisRunner will not be running.
RoslynAnalysisRunner has terminated.
Mono: successfully reloaded assembly
- Completed reload, in  0.777 seconds
Platform modules already initialized, skipping
Refreshing native plugins compatible for Editor in 0.63 ms, found 0 plugins.
Preloading 0 native plugins for Editor in 0.00 ms.
Unloading 1404 Unused Serialized files (Serialized files now loaded: 0)
System memory in use before: 68.2 MB.
System memory in use after: 68.3 MB.

Unloading 24 unused Assets to reduce memory usage. Loaded Objects now: 1916.
Total: 3.435900 ms (FindLiveObjects: 0.449300 ms CreateObjectMapping: 0.106800 ms MarkObjects: 2.841200 ms  DeleteObjects: 0.035800 ms)

========================================================================
Received Import Request.
  Time since last request: 136.080652 seconds.
  path: Assets/Scripts/AllSceneManager.cs
  artifactKey: Guid(cccde88a21c38254faa42b58e8f794ce) Importer(815301076,1909f56bfc062723c751e8b465ee728b)
Start importing Assets/Scripts/AllSceneManager.cs using Guid(cccde88a21c38254faa42b58e8f794ce) Importer(815301076,1909f56bfc062723c751e8b465ee728b)  -> (artifact id: '5e9a1c88e06f3538e78edd3a706c01d7') in 0.011823 seconds
  Import took 0.015307 seconds .

========================================================================
Received Prepare
Registering precompiled user dll's ...
Registered in 0.001672 seconds.
Begin MonoManager ReloadAssembly
Native extension for LinuxStandalone target not found
Native extension for WindowsStandalone target not found
Native extension for OSXStandalone target not found
Refreshing native plugins compatible for Editor in 0.42 ms, found 0 plugins.
Preloading 0 native plugins for Editor in 0.00 ms.
Invoked RoslynAnalysisRunner static constructor.
RoslynAnalysisRunner will not be running.
RoslynAnalysisRunner has terminated.
Mono: successfully reloaded assembly
- Completed reload, in  0.806 seconds
Platform modules already initialized, skipping
Refreshing native plugins compatible for Editor in 0.40 ms, found 0 plugins.
Preloading 0 native plugins for Editor in 0.00 ms.
Unloading 1404 Unused Serialized files (Serialized files now loaded: 0)
System memory in use before: 68.2 MB.
System memory in use after: 68.3 MB.

Unloading 24 unused Assets to reduce memory usage. Loaded Objects now: 1918.
Total: 2.671600 ms (FindLiveObjects: 0.345000 ms CreateObjectMapping: 0.108200 ms MarkObjects: 2.196100 ms  DeleteObjects: 0.020700 ms)

========================================================================
Received Prepare
Registering precompiled user dll's ...
Registered in 0.002763 seconds.
Begin MonoManager ReloadAssembly
Native extension for LinuxStandalone target not found
Native extension for WindowsStandalone target not found
Native extension for OSXStandalone target not found
Refreshing native plugins compatible for Editor in 0.41 ms, found 0 plugins.
Preloading 0 native plugins for Editor in 0.00 ms.
Invoked RoslynAnalysisRunner static constructor.
RoslynAnalysisRunner will not be running.
RoslynAnalysisRunner has terminated.
Mono: successfully reloaded assembly
- Completed reload, in  0.794 seconds
Platform modules already initialized, skipping
Refreshing native plugins compatible for Editor in 0.40 ms, found 0 plugins.
Preloading 0 native plugins for Editor in 0.00 ms.
Unloading 1404 Unused Serialized files (Serialized files now loaded: 0)
System memory in use before: 68.2 MB.
System memory in use after: 68.3 MB.

Unloading 24 unused Assets to reduce memory usage. Loaded Objects now: 1920.
Total: 2.196800 ms (FindLiveObjects: 0.264800 ms CreateObjectMapping: 0.065200 ms MarkObjects: 1.839900 ms  DeleteObjects: 0.025100 ms)

========================================================================
Received Prepare
Registering precompiled user dll's ...
Registered in 0.001666 seconds.
Begin MonoManager ReloadAssembly
Native extension for LinuxStandalone target not found
Native extension for WindowsStandalone target not found
Native extension for OSXStandalone target not found
Refreshing native plugins compatible for Editor in 0.40 ms, found 0 plugins.
Preloading 0 native plugins for Editor in 0.00 ms.
Invoked RoslynAnalysisRunner static constructor.
RoslynAnalysisRunner will not be running.
RoslynAnalysisRunner has terminated.
Mono: successfully reloaded assembly
- Completed reload, in  0.800 seconds
Platform modules already initialized, skipping
Refreshing native plugins compatible for Editor in 0.41 ms, found 0 plugins.
Preloading 0 native plugins for Editor in 0.00 ms.
Unloading 1404 Unused Serialized files (Serialized files now loaded: 0)
System memory in use before: 68.2 MB.
System memory in use after: 68.3 MB.

Unloading 24 unused Assets to reduce memory usage. Loaded Objects now: 1922.
Total: 2.426400 ms (FindLiveObjects: 0.233900 ms CreateObjectMapping: 0.063200 ms MarkObjects: 2.103900 ms  DeleteObjects: 0.023400 ms)

========================================================================
Received Prepare
Registering precompiled user dll's ...
Registered in 0.002514 seconds.
Begin MonoManager ReloadAssembly
Native extension for LinuxStandalone target not found
Native extension for WindowsStandalone target not found
Native extension for OSXStandalone target not found
Refreshing native plugins compatible for Editor in 0.41 ms, found 0 plugins.
Preloading 0 native plugins for Editor in 0.00 ms.
Invoked RoslynAnalysisRunner static constructor.
RoslynAnalysisRunner will not be running.
RoslynAnalysisRunner has terminated.
Mono: successfully reloaded assembly
- Completed reload, in  0.821 seconds
Platform modules already initialized, skipping
Refreshing native plugins compatible for Editor in 0.40 ms, found 0 plugins.
Preloading 0 native plugins for Editor in 0.00 ms.
Unloading 1404 Unused Serialized files (Serialized files now loaded: 0)
System memory in use before: 68.2 MB.
System memory in use after: 68.3 MB.

Unloading 24 unused Assets to reduce memory usage. Loaded Objects now: 1924.
Total: 1.862900 ms (FindLiveObjects: 0.180600 ms CreateObjectMapping: 0.031800 ms MarkObjects: 1.617300 ms  DeleteObjects: 0.032100 ms)

========================================================================
Received Prepare
Registering precompiled user dll's ...
Registered in 0.001659 seconds.
Begin MonoManager ReloadAssembly
Native extension for LinuxStandalone target not found
Native extension for WindowsStandalone target not found
Native extension for OSXStandalone target not found
Refreshing native plugins compatible for Editor in 0.41 ms, found 0 plugins.
Preloading 0 native plugins for Editor in 0.00 ms.
Invoked RoslynAnalysisRunner static constructor.
RoslynAnalysisRunner will not be running.
RoslynAnalysisRunner has terminated.
Mono: successfully reloaded assembly
- Completed reload, in  0.820 seconds
Platform modules already initialized, skipping
Refreshing native plugins compatible for Editor in 0.40 ms, found 0 plugins.
Preloading 0 native plugins for Editor in 0.00 ms.
Unloading 1403 Unused Serialized files (Serialized files now loaded: 0)
System memory in use before: 68.2 MB.
System memory in use after: 68.3 MB.

Unloading 24 unused Assets to reduce memory usage. Loaded Objects now: 1926.
Total: 2.422800 ms (FindLiveObjects: 0.280700 ms CreateObjectMapping: 0.035400 ms MarkObjects: 2.072000 ms  DeleteObjects: 0.032600 ms)

========================================================================
Received Import Request.
  Time since last request: 1187.031683 seconds.
  path: Assets/Scripts/All Gen/AllNoiseMapGeneration.cs
  artifactKey: Guid(3a25513e6eab6594589e629a2b27d741) Importer(815301076,1909f56bfc062723c751e8b465ee728b)
Start importing Assets/Scripts/All Gen/AllNoiseMapGeneration.cs using Guid(3a25513e6eab6594589e629a2b27d741) Importer(815301076,1909f56bfc062723c751e8b465ee728b)  -> (artifact id: 'f4665f3ffb1a81df34be4886f336bb5e') in 0.010101 seconds
  Import took 0.021254 seconds .

========================================================================
Received Prepare
Registering precompiled user dll's ...
Registered in 0.001619 seconds.
Begin MonoManager ReloadAssembly
Native extension for LinuxStandalone target not found
Native extension for WindowsStandalone target not found
Native extension for OSXStandalone target not found
Refreshing native plugins compatible for Editor in 0.42 ms, found 0 plugins.
Preloading 0 native plugins for Editor in 0.00 ms.
Invoked RoslynAnalysisRunner static constructor.
RoslynAnalysisRunner will not be running.
RoslynAnalysisRunner has terminated.
Mono: successfully reloaded assembly
- Completed reload, in  0.846 seconds
Platform modules already initialized, skipping
Refreshing native plugins compatible for Editor in 0.42 ms, found 0 plugins.
Preloading 0 native plugins for Editor in 0.00 ms.
Unloading 1404 Unused Serialized files (Serialized files now loaded: 0)
System memory in use before: 68.2 MB.
System memory in use after: 68.3 MB.

Unloading 24 unused Assets to reduce memory usage. Loaded Objects now: 1929.
Total: 3.081500 ms (FindLiveObjects: 0.211700 ms CreateObjectMapping: 0.035200 ms MarkObjects: 2.800600 ms  DeleteObjects: 0.032300 ms)

========================================================================
Received Prepare
Registering precompiled user dll's ...
Registered in 0.002818 seconds.
Begin MonoManager ReloadAssembly
Native extension for LinuxStandalone target not found
Native extension for WindowsStandalone target not found
Native extension for OSXStandalone target not found
Refreshing native plugins compatible for Editor in 0.42 ms, found 0 plugins.
Preloading 0 native plugins for Editor in 0.00 ms.
Invoked RoslynAnalysisRunner static constructor.
RoslynAnalysisRunner will not be running.
RoslynAnalysisRunner has terminated.
Mono: successfully reloaded assembly
- Completed reload, in  0.789 seconds
Platform modules already initialized, skipping
Refreshing native plugins compatible for Editor in 0.40 ms, found 0 plugins.
Preloading 0 native plugins for Editor in 0.00 ms.
Unloading 1404 Unused Serialized files (Serialized files now loaded: 0)
System memory in use before: 68.2 MB.
System memory in use after: 68.3 MB.

Unloading 24 unused Assets to reduce memory usage. Loaded Objects now: 1931.
Total: 1.956000 ms (FindLiveObjects: 0.290000 ms CreateObjectMapping: 0.083400 ms MarkObjects: 1.558700 ms  DeleteObjects: 0.022000 ms)

========================================================================
Received Import Request.
  Time since last request: 303.983557 seconds.
  path: Assets/Scripts/All Gen/AllNoiseMapGeneration.cs
  artifactKey: Guid(3a25513e6eab6594589e629a2b27d741) Importer(815301076,1909f56bfc062723c751e8b465ee728b)
Start importing Assets/Scripts/All Gen/AllNoiseMapGeneration.cs using Guid(3a25513e6eab6594589e629a2b27d741) Importer(815301076,1909f56bfc062723c751e8b465ee728b)  -> (artifact id: '22ff97b6f6a57b0f76e09c8e92115dc5') in 0.004174 seconds
  Import took 0.015052 seconds .

========================================================================
Received Import Request.
  Time since last request: 21.677007 seconds.
  path: Assets/Scripts/All Gen/AllTileGeneration.cs
  artifactKey: Guid(2e07cede2aa460b42ba847ef1076ed44) Importer(815301076,1909f56bfc062723c751e8b465ee728b)
Start importing Assets/Scripts/All Gen/AllTileGeneration.cs using Guid(2e07cede2aa460b42ba847ef1076ed44) Importer(815301076,1909f56bfc062723c751e8b465ee728b)  -> (artifact id: '39909196ecdb8c24319a2ba1024b4b61') in 0.007342 seconds
  Import took 0.018803 seconds .

========================================================================
Received Prepare
Registering precompiled user dll's ...
Registered in 0.001713 seconds.
Begin MonoManager ReloadAssembly
Native extension for LinuxStandalone target not found
Native extension for WindowsStandalone target not found
Native extension for OSXStandalone target not found
Refreshing native plugins compatible for Editor in 0.41 ms, found 0 plugins.
Preloading 0 native plugins for Editor in 0.00 ms.
Invoked RoslynAnalysisRunner static constructor.
RoslynAnalysisRunner will not be running.
RoslynAnalysisRunner has terminated.
Mono: successfully reloaded assembly
- Completed reload, in  0.792 seconds
Platform modules already initialized, skipping
Refreshing native plugins compatible for Editor in 0.42 ms, found 0 plugins.
Preloading 0 native plugins for Editor in 0.00 ms.
Unloading 1405 Unused Serialized files (Serialized files now loaded: 0)
System memory in use before: 68.2 MB.
System memory in use after: 68.3 MB.

Unloading 24 unused Assets to reduce memory usage. Loaded Objects now: 1934.
Total: 2.321700 ms (FindLiveObjects: 0.342000 ms CreateObjectMapping: 0.084600 ms MarkObjects: 1.869200 ms  DeleteObjects: 0.024100 ms)

========================================================================
Received Prepare
Registering precompiled user dll's ...
Registered in 0.001673 seconds.
Begin MonoManager ReloadAssembly
Native extension for LinuxStandalone target not found
Native extension for WindowsStandalone target not found
Native extension for OSXStandalone target not found
Refreshing native plugins compatible for Editor in 0.41 ms, found 0 plugins.
Preloading 0 native plugins for Editor in 0.00 ms.
Invoked RoslynAnalysisRunner static constructor.
RoslynAnalysisRunner will not be running.
RoslynAnalysisRunner has terminated.
Mono: successfully reloaded assembly
- Completed reload, in  0.798 seconds
Platform modules already initialized, skipping
Refreshing native plugins compatible for Editor in 0.62 ms, found 0 plugins.
Preloading 0 native plugins for Editor in 0.00 ms.
Unloading 1405 Unused Serialized files (Serialized files now loaded: 0)
System memory in use before: 68.2 MB.
System memory in use after: 68.4 MB.

Unloading 24 unused Assets to reduce memory usage. Loaded Objects now: 1936.
Total: 3.346700 ms (FindLiveObjects: 0.490900 ms CreateObjectMapping: 0.151700 ms MarkObjects: 2.657000 ms  DeleteObjects: 0.044700 ms)

========================================================================
Received Import Request.
  Time since last request: 125.218617 seconds.
  path: Assets/Scripts/All Gen/AllTileGeneration.cs
  artifactKey: Guid(2e07cede2aa460b42ba847ef1076ed44) Importer(815301076,1909f56bfc062723c751e8b465ee728b)
Start importing Assets/Scripts/All Gen/AllTileGeneration.cs using Guid(2e07cede2aa460b42ba847ef1076ed44) Importer(815301076,1909f56bfc062723c751e8b465ee728b)  -> (artifact id: 'd0e7b1cb06fb3d3cce712ab243eb1474') in 0.017165 seconds
  Import took 0.021396 seconds .

========================================================================
Received Prepare
Registering precompiled user dll's ...
Registered in 0.001686 seconds.
Begin MonoManager ReloadAssembly
Native extension for LinuxStandalone target not found
Native extension for WindowsStandalone target not found
Native extension for OSXStandalone target not found
Refreshing native plugins compatible for Editor in 0.43 ms, found 0 plugins.
Preloading 0 native plugins for Editor in 0.00 ms.
Invoked RoslynAnalysisRunner static constructor.
RoslynAnalysisRunner will not be running.
RoslynAnalysisRunner has terminated.
Mono: successfully reloaded assembly
- Completed reload, in  0.843 seconds
Platform modules already initialized, skipping
Refreshing native plugins compatible for Editor in 0.41 ms, found 0 plugins.
Preloading 0 native plugins for Editor in 0.00 ms.
Unloading 1405 Unused Serialized files (Serialized files now loaded: 0)
System memory in use before: 68.2 MB.
System memory in use after: 68.4 MB.

Unloading 24 unused Assets to reduce memory usage. Loaded Objects now: 1938.
Total: 1.962900 ms (FindLiveObjects: 0.216400 ms CreateObjectMapping: 0.032600 ms MarkObjects: 1.688700 ms  DeleteObjects: 0.023500 ms)

========================================================================
Received Import Request.
  Time since last request: 152.023617 seconds.
  path: Assets/Scripts/AllSceneManager.cs
  artifactKey: Guid(cccde88a21c38254faa42b58e8f794ce) Importer(815301076,1909f56bfc062723c751e8b465ee728b)
Start importing Assets/Scripts/AllSceneManager.cs using Guid(cccde88a21c38254faa42b58e8f794ce) Importer(815301076,1909f56bfc062723c751e8b465ee728b)  -> (artifact id: '9d3a5262f728df4f710d2991ad81e6d6') in 0.014049 seconds
  Import took 0.017583 seconds .

========================================================================
Received Import Request.
  Time since last request: 0.002393 seconds.
  path: Assets/Scripts/AllSceneManager.cs
  artifactKey: Guid(cccde88a21c38254faa42b58e8f794ce) Importer(815301076,1909f56bfc062723c751e8b465ee728b)
Start importing Assets/Scripts/AllSceneManager.cs using Guid(cccde88a21c38254faa42b58e8f794ce) Importer(815301076,1909f56bfc062723c751e8b465ee728b)  -> (artifact id: '9d3a5262f728df4f710d2991ad81e6d6') in 0.003234 seconds
  Import took 0.006626 seconds .

========================================================================
Received Prepare
Registering precompiled user dll's ...
Registered in 0.001598 seconds.
Begin MonoManager ReloadAssembly
Native extension for LinuxStandalone target not found
Native extension for WindowsStandalone target not found
Native extension for OSXStandalone target not found
Refreshing native plugins compatible for Editor in 0.41 ms, found 0 plugins.
Preloading 0 native plugins for Editor in 0.00 ms.
Invoked RoslynAnalysisRunner static constructor.
RoslynAnalysisRunner will not be running.
RoslynAnalysisRunner has terminated.
Mono: successfully reloaded assembly
- Completed reload, in  0.797 seconds
Platform modules already initialized, skipping
Refreshing native plugins compatible for Editor in 0.41 ms, found 0 plugins.
Preloading 0 native plugins for Editor in 0.00 ms.
Unloading 1405 Unused Serialized files (Serialized files now loaded: 0)
System memory in use before: 68.3 MB.
System memory in use after: 68.4 MB.

Unloading 24 unused Assets to reduce memory usage. Loaded Objects now: 1940.
Total: 2.250600 ms (FindLiveObjects: 0.218700 ms CreateObjectMapping: 0.033000 ms MarkObjects: 1.975700 ms  DeleteObjects: 0.021600 ms)

========================================================================
Received Import Request.
  Time since last request: 27.682481 seconds.
  path: Assets/Scripts/AllSceneManager.cs
  artifactKey: Guid(cccde88a21c38254faa42b58e8f794ce) Importer(815301076,1909f56bfc062723c751e8b465ee728b)
Start importing Assets/Scripts/AllSceneManager.cs using Guid(cccde88a21c38254faa42b58e8f794ce) Importer(815301076,1909f56bfc062723c751e8b465ee728b)  -> (artifact id: '5478155a2c7c910242a585e419245d66') in 0.006462 seconds
  Import took 0.017958 seconds .

========================================================================
Received Prepare
Registering precompiled user dll's ...
Registered in 0.001698 seconds.
Begin MonoManager ReloadAssembly
Native extension for LinuxStandalone target not found
Native extension for WindowsStandalone target not found
Native extension for OSXStandalone target not found
Refreshing native plugins compatible for Editor in 0.46 ms, found 0 plugins.
Preloading 0 native plugins for Editor in 0.00 ms.
Invoked RoslynAnalysisRunner static constructor.
RoslynAnalysisRunner will not be running.
RoslynAnalysisRunner has terminated.
Mono: successfully reloaded assembly
- Completed reload, in  0.792 seconds
Platform modules already initialized, skipping
Refreshing native plugins compatible for Editor in 0.53 ms, found 0 plugins.
Preloading 0 native plugins for Editor in 0.00 ms.
Unloading 1405 Unused Serialized files (Serialized files now loaded: 0)
System memory in use before: 68.3 MB.
System memory in use after: 68.4 MB.

Unloading 24 unused Assets to reduce memory usage. Loaded Objects now: 1942.
Total: 1.795600 ms (FindLiveObjects: 0.192700 ms CreateObjectMapping: 0.033200 ms MarkObjects: 1.546000 ms  DeleteObjects: 0.022100 ms)

========================================================================
Received Prepare
Registering precompiled user dll's ...
Registered in 0.001569 seconds.
Begin MonoManager ReloadAssembly
Native extension for LinuxStandalone target not found
Native extension for WindowsStandalone target not found
Native extension for OSXStandalone target not found
Refreshing native plugins compatible for Editor in 0.43 ms, found 0 plugins.
Preloading 0 native plugins for Editor in 0.00 ms.
Invoked RoslynAnalysisRunner static constructor.
RoslynAnalysisRunner will not be running.
RoslynAnalysisRunner has terminated.
Mono: successfully reloaded assembly
- Completed reload, in  0.806 seconds
Platform modules already initialized, skipping
Refreshing native plugins compatible for Editor in 0.40 ms, found 0 plugins.
Preloading 0 native plugins for Editor in 0.00 ms.
Unloading 1405 Unused Serialized files (Serialized files now loaded: 0)
System memory in use before: 68.3 MB.
System memory in use after: 68.4 MB.

Unloading 24 unused Assets to reduce memory usage. Loaded Objects now: 1944.
Total: 1.888700 ms (FindLiveObjects: 0.241000 ms CreateObjectMapping: 0.034400 ms MarkObjects: 1.588400 ms  DeleteObjects: 0.023000 ms)

========================================================================
Received Prepare
Registering precompiled user dll's ...
Registered in 0.001756 seconds.
Begin MonoManager ReloadAssembly
Native extension for LinuxStandalone target not found
Native extension for WindowsStandalone target not found
Native extension for OSXStandalone target not found
Refreshing native plugins compatible for Editor in 0.45 ms, found 0 plugins.
Preloading 0 native plugins for Editor in 0.00 ms.
Invoked RoslynAnalysisRunner static constructor.
RoslynAnalysisRunner will not be running.
RoslynAnalysisRunner has terminated.
Mono: successfully reloaded assembly
- Completed reload, in  0.771 seconds
Platform modules already initialized, skipping
Refreshing native plugins compatible for Editor in 0.42 ms, found 0 plugins.
Preloading 0 native plugins for Editor in 0.00 ms.
Unloading 1405 Unused Serialized files (Serialized files now loaded: 0)
System memory in use before: 68.3 MB.
System memory in use after: 68.4 MB.

Unloading 24 unused Assets to reduce memory usage. Loaded Objects now: 1946.
Total: 2.158900 ms (FindLiveObjects: 0.195400 ms CreateObjectMapping: 0.036900 ms MarkObjects: 1.898900 ms  DeleteObjects: 0.026600 ms)

========================================================================
Received Prepare
Refreshing native plugins compatible for Editor in 5.09 ms, found 0 plugins.
Preloading 0 native plugins for Editor in 0.00 ms.
Unloading 22 Unused Serialized files (Serialized files now loaded: 0)
System memory in use before: 40.9 MB.
System memory in use after: 41.0 MB.

Unloading 22 unused Assets to reduce memory usage. Loaded Objects now: 1946.
Total: 2.108400 ms (FindLiveObjects: 0.360900 ms CreateObjectMapping: 0.058400 ms MarkObjects: 1.666300 ms  DeleteObjects: 0.020400 ms)

AssetImportWorkerClient::OnTransportError - code=2 error=End of file
