Using pre-set license
Built from '2020.2/staging' branch; Version is '2020.2.6f1 (8a2143876886) revision 9052483'; Using compiler version '192528614'; Build Type 'Release'
OS: 'Windows 10 Pro; OS build 19042.631; Version 2009; 64bit' Language: 'ru' Physical Memory: 15731 MB
BatchMode: 1, IsHumanControllingUs: 0, StartBugReporterOnCrash: 0, Is64bit: 1, IsPro: 0

 COMMAND LINE ARGUMENTS:
C:\Program Files\Unity\Hub\Editor\2020.2.6f1\Editor\Unity.exe
-adb2
-batchMode
-noUpm
-name
AssetImportWorker0
-projectPath
C:/Users/Mr/Documents/GitHub/Diploma/Diplomaa
-logFile
Logs/AssetImportWorker0.log
-srvPort
62825
Successfully changed project path to: C:/Users/Mr/Documents/GitHub/Diploma/Diplomaa
C:/Users/Mr/Documents/GitHub/Diploma/Diplomaa
Using Asset Import Pipeline V2.
Refreshing native plugins compatible for Editor in 26.23 ms, found 2 plugins.
Preloading 0 native plugins for Editor in 0.00 ms.
Initialize engine version: 2020.2.6f1 (8a2143876886)
[Subsystems] Discovering subsystems at path C:/Program Files/Unity/Hub/Editor/2020.2.6f1/Editor/Data/Resources/UnitySubsystems
[Subsystems] Discovering subsystems at path C:/Users/Mr/Documents/GitHub/Diploma/Diplomaa/Assets
GfxDevice: creating device client; threaded=0
Direct3D:
    Version:  Direct3D 11.0 [level 11.1]
    Renderer: NVIDIA GeForce GTX 1660 Ti (ID=0x2191)
    Vendor:   
    VRAM:     5991 MB
    Driver:   27.21.14.5763
Initialize mono
Mono path[0] = 'C:/Program Files/Unity/Hub/Editor/2020.2.6f1/Editor/Data/Managed'
Mono path[1] = 'C:/Program Files/Unity/Hub/Editor/2020.2.6f1/Editor/Data/MonoBleedingEdge/lib/mono/unityjit'
Mono config path = 'C:/Program Files/Unity/Hub/Editor/2020.2.6f1/Editor/Data/MonoBleedingEdge/etc'
Using monoOptions --debugger-agent=transport=dt_socket,embedding=1,server=y,suspend=n,address=127.0.0.1:56076
Begin MonoManager ReloadAssembly
Registering precompiled unity dll's ...
Register platform support module: C:/Program Files/Unity/Hub/Editor/2020.2.6f1/Editor/Data/PlaybackEngines/MacStandaloneSupport/UnityEditor.OSXStandalone.Extensions.dll
Register platform support module: C:/Program Files/Unity/Hub/Editor/2020.2.6f1/Editor/Data/PlaybackEngines/WindowsStandaloneSupport/UnityEditor.WindowsStandalone.Extensions.dll
Register platform support module: C:/Program Files/Unity/Hub/Editor/2020.2.6f1/Editor/Data/PlaybackEngines/LinuxStandaloneSupport/UnityEditor.LinuxStandalone.Extensions.dll
Registered in 0.002203 seconds.
Native extension for LinuxStandalone target not found
Native extension for WindowsStandalone target not found
Native extension for OSXStandalone target not found
Refreshing native plugins compatible for Editor in 24.81 ms, found 2 plugins.
Preloading 0 native plugins for Editor in 0.00 ms.
Invoked RoslynAnalysisRunner static constructor.
RoslynAnalysisRunner will not be running.
RoslynAnalysisRunner has terminated.
Mono: successfully reloaded assembly
- Completed reload, in  1.022 seconds
Platform modules already initialized, skipping
Registering precompiled user dll's ...
Registered in 0.004991 seconds.
Begin MonoManager ReloadAssembly
Native extension for LinuxStandalone target not found
Native extension for WindowsStandalone target not found
Native extension for OSXStandalone target not found
Refreshing native plugins compatible for Editor in 0.33 ms, found 2 plugins.
Preloading 0 native plugins for Editor in 0.00 ms.
Invoked RoslynAnalysisRunner static constructor.
RoslynAnalysisRunner will not be running.
RoslynAnalysisRunner has terminated.
Mono: successfully reloaded assembly
- Completed reload, in  0.787 seconds
Platform modules already initialized, skipping
========================================================================
Worker process is ready to serve import requests
Launched and connected shader compiler UnityShaderCompiler.exe after 0.06 seconds
Refreshing native plugins compatible for Editor in 0.31 ms, found 2 plugins.
Preloading 0 native plugins for Editor in 0.00 ms.
Unloading 1133 Unused Serialized files (Serialized files now loaded: 0)
System memory in use before: 57.8 MB.
System memory in use after: 57.8 MB.

Unloading 27 unused Assets to reduce memory usage. Loaded Objects now: 1599.
Total: 1.885700 ms (FindLiveObjects: 0.195300 ms CreateObjectMapping: 0.051000 ms MarkObjects: 1.550100 ms  DeleteObjects: 0.087300 ms)

========================================================================
Received Import Request.
  path: Assets/Scipts/LevelGeneration.cs
  artifactKey: Guid(159c17c8b6874a741b7ccdac0a87a1f4) Importer(815301076,1909f56bfc062723c751e8b465ee728b)
Start importing Assets/Scipts/LevelGeneration.cs using Guid(159c17c8b6874a741b7ccdac0a87a1f4) Importer(815301076,1909f56bfc062723c751e8b465ee728b)  -> (artifact id: 'ddfdee694a516ba8d7e56476ee114c92') in 0.029075 seconds
  Import took 0.031225 seconds .

========================================================================
Received Import Request.
  Time since last request: 52.692098 seconds.
  path: Assets/Plugins/GitHub
  artifactKey: Guid(05574d86aac7d784c9e2b7cfb0621002) Importer(815301076,1909f56bfc062723c751e8b465ee728b)
Start importing Assets/Plugins/GitHub using Guid(05574d86aac7d784c9e2b7cfb0621002) Importer(815301076,1909f56bfc062723c751e8b465ee728b)  -> (artifact id: 'e097d716f72160c9ef28694ae9d5c106') in 0.006745 seconds
  Import took 0.008638 seconds .

========================================================================
Received Prepare
Registering precompiled user dll's ...
Registered in 0.000895 seconds.
Begin MonoManager ReloadAssembly
Native extension for LinuxStandalone target not found
Native extension for WindowsStandalone target not found
Native extension for OSXStandalone target not found
Refreshing native plugins compatible for Editor in 0.28 ms, found 1 plugins.
Preloading 0 native plugins for Editor in 0.00 ms.
Invoked RoslynAnalysisRunner static constructor.
RoslynAnalysisRunner will not be running.
RoslynAnalysisRunner has terminated.
Mono: successfully reloaded assembly
- Completed reload, in  0.710 seconds
Platform modules already initialized, skipping
Refreshing native plugins compatible for Editor in 0.23 ms, found 1 plugins.
Preloading 0 native plugins for Editor in 0.00 ms.
Unloading 1112 Unused Serialized files (Serialized files now loaded: 0)
System memory in use before: 57.2 MB.
System memory in use after: 57.3 MB.

Unloading 8 unused Assets to reduce memory usage. Loaded Objects now: 1601.
Total: 1.944900 ms (FindLiveObjects: 0.218400 ms CreateObjectMapping: 0.051300 ms MarkObjects: 1.591700 ms  DeleteObjects: 0.081300 ms)

========================================================================
Received Import Request.
  Time since last request: 99.895344 seconds.
  path: Assets/Scipts/NoiseMapGeneration.cs
  artifactKey: Guid(d65d651543a7a9e46b13268682a91150) Importer(815301076,1909f56bfc062723c751e8b465ee728b)
Start importing Assets/Scipts/NoiseMapGeneration.cs using Guid(d65d651543a7a9e46b13268682a91150) Importer(815301076,1909f56bfc062723c751e8b465ee728b)  -> (artifact id: '300edc335c3904fee5e50e6748e2a47d') in 0.008815 seconds
  Import took 0.010852 seconds .

========================================================================
Received Import Request.
  Time since last request: 0.021894 seconds.
  path: Assets/Scipts/NoiseMapGeneration.cs
  artifactKey: Guid(d65d651543a7a9e46b13268682a91150) Importer(815301076,1909f56bfc062723c751e8b465ee728b)
Start importing Assets/Scipts/NoiseMapGeneration.cs using Guid(d65d651543a7a9e46b13268682a91150) Importer(815301076,1909f56bfc062723c751e8b465ee728b)  -> (artifact id: '300edc335c3904fee5e50e6748e2a47d') in 0.002674 seconds
  Import took 0.004694 seconds .

========================================================================
Received Import Request.
  Time since last request: 0.612558 seconds.
  path: Assets/Scipts/TileGeneration.cs
  artifactKey: Guid(536ba33e62d0c0344ad60e9b50d6432f) Importer(815301076,1909f56bfc062723c751e8b465ee728b)
Start importing Assets/Scipts/TileGeneration.cs using Guid(536ba33e62d0c0344ad60e9b50d6432f) Importer(815301076,1909f56bfc062723c751e8b465ee728b)  -> (artifact id: '0c6c9e75199310eb2e06492ea4067d06') in 0.008939 seconds
  Import took 0.011086 seconds .

========================================================================
Received Import Request.
  Time since last request: 0.007927 seconds.
  path: Assets/Scipts/TileGeneration.cs
  artifactKey: Guid(536ba33e62d0c0344ad60e9b50d6432f) Importer(815301076,1909f56bfc062723c751e8b465ee728b)
Start importing Assets/Scipts/TileGeneration.cs using Guid(536ba33e62d0c0344ad60e9b50d6432f) Importer(815301076,1909f56bfc062723c751e8b465ee728b)  -> (artifact id: '0c6c9e75199310eb2e06492ea4067d06') in 0.003006 seconds
  Import took 0.005317 seconds .

========================================================================
Received Prepare
Registering precompiled user dll's ...
Registered in 0.001119 seconds.
Begin MonoManager ReloadAssembly
Native extension for LinuxStandalone target not found
Native extension for WindowsStandalone target not found
Native extension for OSXStandalone target not found
Refreshing native plugins compatible for Editor in 0.31 ms, found 1 plugins.
Preloading 0 native plugins for Editor in 0.00 ms.
Invoked RoslynAnalysisRunner static constructor.
RoslynAnalysisRunner will not be running.
RoslynAnalysisRunner has terminated.
Mono: successfully reloaded assembly
- Completed reload, in  0.696 seconds
Platform modules already initialized, skipping
Refreshing native plugins compatible for Editor in 0.23 ms, found 1 plugins.
Preloading 0 native plugins for Editor in 0.00 ms.
Unloading 1112 Unused Serialized files (Serialized files now loaded: 0)
System memory in use before: 57.2 MB.
System memory in use after: 57.3 MB.

Unloading 8 unused Assets to reduce memory usage. Loaded Objects now: 1603.
Total: 1.823100 ms (FindLiveObjects: 0.310100 ms CreateObjectMapping: 0.079700 ms MarkObjects: 1.372100 ms  DeleteObjects: 0.059000 ms)

